# JRE version: OpenJDK Runtime Environment (20.0.2+9) (build 20.0.2+9-78)
# Java VM: OpenJDK 64-Bit Server VM (20.0.2+9-78, mixed mode, sharing, tiered, compressed oops, compressed class ptrs, g1 gc, windows-amd64)
GC Precious Log:
 CardTable entry size: 512
 Card Set container configuration: InlinePtr #cards 4 size 8 Array Of Cards #cards 32 size 80 Howl #buckets 8 coarsen threshold 7372 Howl Bitmap #cards 1024 size 144 coarsen threshold 921 Card regions per heap region 1 cards per card region 8192
 CPUs: 20 total, 20 available
 Memory: 32452M
 Large Page Support: Disabled
 NUMA Support: Disabled
 Compressed Oops: Enabled (Zero based)
 Heap Region Size: 4M
 Heap Min Capacity: 8M
 Heap Initial Capacity: 508M
 Heap Max Capacity: 8116M
 Pre-touch: Disabled
 Parallel Workers: 15
 Concurrent Workers: 4
 Concurrent Refinement Workers: 15
 Periodic GC: Disabled
Heap:
 garbage-first heap   total 319488K, used 124975K [0x0000000604c00000, 0x0000000800000000)
  region size 4096K, 23 young (94208K), 4 survivors (16384K)
 Metaspace       used 35607K, committed 36032K, reserved 1114112K
  class space    used 4001K, committed 4160K, reserved 1048576K
GC Heap History (20 events):
Event: 0.440 GC heap before
{Heap before GC invocations=0 (full 0):
 garbage-first heap   total 520192K, used 24576K [0x0000000604c00000, 0x0000000800000000)
  region size 4096K, 6 young (24576K), 0 survivors (0K)
 Metaspace       used 6012K, committed 6208K, reserved 1114112K
  class space    used 681K, committed 768K, reserved 1048576K
}
Event: 0.445 GC heap after
{Heap after GC invocations=1 (full 0):
 garbage-first heap   total 520192K, used 4061K [0x0000000604c00000, 0x0000000800000000)
  region size 4096K, 1 young (4096K), 1 survivors (4096K)
 Metaspace       used 6012K, committed 6208K, reserved 1114112K
  class space    used 681K, committed 768K, reserved 1048576K
}
Event: 0.776 GC heap before
{Heap before GC invocations=1 (full 0):
 garbage-first heap   total 520192K, used 32733K [0x0000000604c00000, 0x0000000800000000)
  region size 4096K, 8 young (32768K), 1 survivors (4096K)
 Metaspace       used 9654K, committed 9856K, reserved 1114112K
  class space    used 1123K, committed 1216K, reserved 1048576K
}
Event: 0.778 GC heap after
{Heap after GC invocations=2 (full 0):
 garbage-first heap   total 520192K, used 5466K [0x0000000604c00000, 0x0000000800000000)
  region size 4096K, 1 young (4096K), 1 survivors (4096K)
 Metaspace       used 9654K, committed 9856K, reserved 1114112K
  class space    used 1123K, committed 1216K, reserved 1048576K
}
Event: 2.318 GC heap before
{Heap before GC invocations=2 (full 0):
 garbage-first heap   total 520192K, used 193882K [0x0000000604c00000, 0x0000000800000000)
  region size 4096K, 49 young (200704K), 1 survivors (4096K)
 Metaspace       used 21191K, committed 21504K, reserved 1114112K
  class space    used 2345K, committed 2496K, reserved 1048576K
}
Event: 2.322 GC heap after
{Heap after GC invocations=3 (full 0):
 garbage-first heap   total 520192K, used 17808K [0x0000000604c00000, 0x0000000800000000)
  region size 4096K, 4 young (16384K), 4 survivors (16384K)
 Metaspace       used 21191K, committed 21504K, reserved 1114112K
  class space    used 2345K, committed 2496K, reserved 1048576K
}
Event: 2.807 GC heap before
{Heap before GC invocations=4 (full 0):
 garbage-first heap   total 81920K, used 79248K [0x0000000604c00000, 0x0000000800000000)
  region size 4096K, 19 young (77824K), 4 survivors (16384K)
 Metaspace       used 27165K, committed 27456K, reserved 1114112K
  class space    used 3014K, committed 3136K, reserved 1048576K
}
Event: 2.815 GC heap after
{Heap after GC invocations=5 (full 0):
 garbage-first heap   total 114688K, used 33895K [0x0000000604c00000, 0x0000000800000000)
  region size 4096K, 8 young (32768K), 8 survivors (32768K)
 Metaspace       used 27165K, committed 27456K, reserved 1114112K
  class space    used 3014K, committed 3136K, reserved 1048576K
}
Event: 3.276 GC heap before
{Heap before GC invocations=5 (full 0):
 garbage-first heap   total 114688K, used 66663K [0x0000000604c00000, 0x0000000800000000)
  region size 4096K, 16 young (65536K), 8 survivors (32768K)
 Metaspace       used 29122K, committed 29504K, reserved 1114112K
  class space    used 3258K, committed 3456K, reserved 1048576K
}
Event: 3.282 GC heap after
{Heap after GC invocations=6 (full 0):
 garbage-first heap   total 114688K, used 26936K [0x0000000604c00000, 0x0000000800000000)
  region size 4096K, 2 young (8192K), 2 survivors (8192K)
 Metaspace       used 29122K, committed 29504K, reserved 1114112K
  class space    used 3258K, committed 3456K, reserved 1048576K
}
Event: 3.449 GC heap before
{Heap before GC invocations=6 (full 0):
 garbage-first heap   total 114688K, used 84280K [0x0000000604c00000, 0x0000000800000000)
  region size 4096K, 16 young (65536K), 2 survivors (8192K)
 Metaspace       used 29242K, committed 29632K, reserved 1114112K
  class space    used 3261K, committed 3456K, reserved 1048576K
}
Event: 3.452 GC heap after
{Heap after GC invocations=7 (full 0):
 garbage-first heap   total 114688K, used 32436K [0x0000000604c00000, 0x0000000800000000)
  region size 4096K, 2 young (8192K), 2 survivors (8192K)
 Metaspace       used 29242K, committed 29632K, reserved 1114112K
  class space    used 3261K, committed 3456K, reserved 1048576K
}
Event: 3.882 GC heap before
{Heap before GC invocations=7 (full 0):
 garbage-first heap   total 114688K, used 89780K [0x0000000604c00000, 0x0000000800000000)
  region size 4096K, 16 young (65536K), 2 survivors (8192K)
 Metaspace       used 30744K, committed 31168K, reserved 1114112K
  class space    used 3392K, committed 3584K, reserved 1048576K
}
Event: 3.889 GC heap after
{Heap after GC invocations=8 (full 0):
 garbage-first heap   total 114688K, used 34465K [0x0000000604c00000, 0x0000000800000000)
  region size 4096K, 2 young (8192K), 2 survivors (8192K)
 Metaspace       used 30744K, committed 31168K, reserved 1114112K
  class space    used 3392K, committed 3584K, reserved 1048576K
}
Event: 4.807 GC heap before
{Heap before GC invocations=8 (full 0):
 garbage-first heap   total 114688K, used 83617K [0x0000000604c00000, 0x0000000800000000)
  region size 4096K, 15 young (61440K), 2 survivors (8192K)
 Metaspace       used 33787K, committed 34176K, reserved 1114112K
  class space    used 3812K, committed 3968K, reserved 1048576K
}
Event: 4.810 GC heap after
{Heap after GC invocations=9 (full 0):
 garbage-first heap   total 319488K, used 44580K [0x0000000604c00000, 0x0000000800000000)
  region size 4096K, 2 young (8192K), 2 survivors (8192K)
 Metaspace       used 33787K, committed 34176K, reserved 1114112K
  class space    used 3812K, committed 3968K, reserved 1048576K
}
Event: 6.133 GC heap before
{Heap before GC invocations=9 (full 0):
 garbage-first heap   total 319488K, used 220708K [0x0000000604c00000, 0x0000000800000000)
  region size 4096K, 46 young (188416K), 2 survivors (8192K)
 Metaspace       used 35307K, committed 35776K, reserved 1114112K
  class space    used 3968K, committed 4160K, reserved 1048576K
}
Event: 6.137 GC heap after
{Heap after GC invocations=10 (full 0):
 garbage-first heap   total 319488K, used 44657K [0x0000000604c00000, 0x0000000800000000)
  region size 4096K, 3 young (12288K), 3 survivors (12288K)
 Metaspace       used 35307K, committed 35776K, reserved 1114112K
  class space    used 3968K, committed 4160K, reserved 1048576K
}
Event: 7.636 GC heap before
{Heap before GC invocations=10 (full 0):
 garbage-first heap   total 319488K, used 220785K [0x0000000604c00000, 0x0000000800000000)
  region size 4096K, 46 young (188416K), 3 survivors (12288K)
 Metaspace       used 35313K, committed 35776K, reserved 1114112K
  class space    used 3968K, committed 4160K, reserved 1048576K
}
Event: 7.640 GC heap after
{Heap after GC invocations=11 (full 0):
 garbage-first heap   total 319488K, used 51247K [0x0000000604c00000, 0x0000000800000000)
  region size 4096K, 4 young (16384K), 4 survivors (16384K)
 Metaspace       used 35313K, committed 35776K, reserved 1114112K
  class space    used 3968K, committed 4160K, reserved 1048576K
}

