# JRE version: OpenJDK Runtime Environment (20.0.2+9) (build 20.0.2+9-78)
# Java VM: OpenJDK 64-Bit Server VM (20.0.2+9-78, mixed mode, sharing, tiered, compressed oops, compressed class ptrs, g1 gc, windows-amd64)
GC Precious Log:
 CardTable entry size: 512
 Card Set container configuration: InlinePtr #cards 4 size 8 Array Of Cards #cards 32 size 80 Howl #buckets 8 coarsen threshold 7372 Howl Bitmap #cards 1024 size 144 coarsen threshold 921 Card regions per heap region 1 cards per card region 8192
 CPUs: 20 total, 20 available
 Memory: 32452M
 Large Page Support: Disabled
 NUMA Support: Disabled
 Compressed Oops: Enabled (Zero based)
 Heap Region Size: 4M
 Heap Min Capacity: 8M
 Heap Initial Capacity: 508M
 Heap Max Capacity: 8116M
 Pre-touch: Disabled
 Parallel Workers: 15
 Concurrent Workers: 4
 Concurrent Refinement Workers: 15
 Periodic GC: Disabled
Heap:
 garbage-first heap   total 118784K, used 75515K [0x0000000604c00000, 0x0000000800000000)
  region size 4096K, 13 young (53248K), 3 survivors (12288K)
 Metaspace       used 30774K, committed 31104K, reserved 1114112K
  class space    used 3385K, committed 3520K, reserved 1048576K
GC Heap History (12 events):
Event: 0.432 GC heap before
{Heap before GC invocations=0 (full 0):
 garbage-first heap   total 520192K, used 24576K [0x0000000604c00000, 0x0000000800000000)
  region size 4096K, 6 young (24576K), 0 survivors (0K)
 Metaspace       used 6014K, committed 6208K, reserved 1114112K
  class space    used 681K, committed 768K, reserved 1048576K
}
Event: 0.436 GC heap after
{Heap after GC invocations=1 (full 0):
 garbage-first heap   total 520192K, used 4096K [0x0000000604c00000, 0x0000000800000000)
  region size 4096K, 1 young (4096K), 1 survivors (4096K)
 Metaspace       used 6014K, committed 6208K, reserved 1114112K
  class space    used 681K, committed 768K, reserved 1048576K
}
Event: 0.829 GC heap before
{Heap before GC invocations=1 (full 0):
 garbage-first heap   total 520192K, used 36864K [0x0000000604c00000, 0x0000000800000000)
  region size 4096K, 9 young (36864K), 1 survivors (4096K)
 Metaspace       used 10420K, committed 10560K, reserved 1114112K
  class space    used 1224K, committed 1280K, reserved 1048576K
}
Event: 0.832 GC heap after
{Heap after GC invocations=2 (full 0):
 garbage-first heap   total 520192K, used 5864K [0x0000000604c00000, 0x0000000800000000)
  region size 4096K, 2 young (8192K), 2 survivors (8192K)
 Metaspace       used 10420K, committed 10560K, reserved 1114112K
  class space    used 1224K, committed 1280K, reserved 1048576K
}
Event: 2.337 GC heap before
{Heap before GC invocations=2 (full 0):
 garbage-first heap   total 520192K, used 194280K [0x0000000604c00000, 0x0000000800000000)
  region size 4096K, 49 young (200704K), 2 survivors (8192K)
 Metaspace       used 21212K, committed 21504K, reserved 1114112K
  class space    used 2356K, committed 2496K, reserved 1048576K
}
Event: 2.342 GC heap after
{Heap after GC invocations=3 (full 0):
 garbage-first heap   total 520192K, used 17934K [0x0000000604c00000, 0x0000000800000000)
  region size 4096K, 5 young (20480K), 5 survivors (20480K)
 Metaspace       used 21212K, committed 21504K, reserved 1114112K
  class space    used 2356K, committed 2496K, reserved 1048576K
}
Event: 2.842 GC heap before
{Heap before GC invocations=4 (full 0):
 garbage-first heap   total 81920K, used 79374K [0x0000000604c00000, 0x0000000800000000)
  region size 4096K, 20 young (81920K), 5 survivors (20480K)
 Metaspace       used 27212K, committed 27520K, reserved 1114112K
  class space    used 3014K, committed 3136K, reserved 1048576K
}
Event: 2.852 GC heap after
{Heap after GC invocations=5 (full 0):
 garbage-first heap   total 118784K, used 33354K [0x0000000604c00000, 0x0000000800000000)
  region size 4096K, 7 young (28672K), 7 survivors (28672K)
 Metaspace       used 27212K, committed 27520K, reserved 1114112K
  class space    used 3014K, committed 3136K, reserved 1048576K
}
Event: 3.335 GC heap before
{Heap before GC invocations=5 (full 0):
 garbage-first heap   total 118784K, used 74314K [0x0000000604c00000, 0x0000000800000000)
  region size 4096K, 17 young (69632K), 7 survivors (28672K)
 Metaspace       used 29161K, committed 29568K, reserved 1114112K
  class space    used 3251K, committed 3456K, reserved 1048576K
}
Event: 3.340 GC heap after
{Heap after GC invocations=6 (full 0):
 garbage-first heap   total 118784K, used 26522K [0x0000000604c00000, 0x0000000800000000)
  region size 4096K, 1 young (4096K), 1 survivors (4096K)
 Metaspace       used 29161K, committed 29568K, reserved 1114112K
  class space    used 3251K, committed 3456K, reserved 1048576K
}
Event: 3.569 GC heap before
{Heap before GC invocations=6 (full 0):
 garbage-first heap   total 118784K, used 92058K [0x0000000604c00000, 0x0000000800000000)
  region size 4096K, 17 young (69632K), 1 survivors (4096K)
 Metaspace       used 29266K, committed 29696K, reserved 1114112K
  class space    used 3254K, committed 3456K, reserved 1048576K
}
Event: 3.573 GC heap after
{Heap after GC invocations=7 (full 0):
 garbage-first heap   total 118784K, used 38651K [0x0000000604c00000, 0x0000000800000000)
  region size 4096K, 3 young (12288K), 3 survivors (12288K)
 Metaspace       used 29266K, committed 29696K, reserved 1114112K
  class space    used 3254K, committed 3456K, reserved 1048576K
}

